# JRE version: Java(TM) SE Runtime Environment (8.0_73-b02) (build 1.8.0_73-b02)
# Java VM: Java HotSpot(TM) 64-Bit Server VM (25.73-b02 mixed mode windows-amd64 compressed oops)
Heap:
 garbage-first heap   total 98304K, used 38241K [0x00000000c0000000, 0x00000000c0100300, 0x0000000100000000)
  region size 1024K, 13 young (13312K), 6 survivors (6144K)
 Metaspace       used 43304K, capacity 45784K, committed 46156K, reserved 1089536K
  class space    used 4561K, capacity 5338K, committed 5452K, reserved 1048576K
GC Heap History (10 events):
Event: 14.146 GC heap before
{Heap before GC invocations=8 (full 0):
 garbage-first heap   total 98304K, used 79872K [0x00000000c0000000, 0x00000000c0100300, 0x0000000100000000)
  region size 1024K, 51 young (52224K), 8 survivors (8192K)
 Metaspace       used 33166K, capacity 35322K, committed 35584K, reserved 1081344K
  class space    used 3659K, capacity 4316K, committed 4352K, reserved 1048576K
Event: 14.158 GC heap after
Heap after GC invocations=9 (full 0):
 garbage-first heap   total 98304K, used 37375K [0x00000000c0000000, 0x00000000c0100300, 0x0000000100000000)
  region size 1024K, 4 young (4096K), 4 survivors (4096K)
 Metaspace       used 33166K, capacity 35322K, committed 35584K, reserved 1081344K
  class space    used 3659K, capacity 4316K, committed 4352K, reserved 1048576K
}
Event: 14.330 GC heap before
{Heap before GC invocations=9 (full 0):
 garbage-first heap   total 98304K, used 41471K [0x00000000c0000000, 0x00000000c0100300, 0x0000000100000000)
  region size 1024K, 9 young (9216K), 4 survivors (4096K)
 Metaspace       used 33706K, capacity 35810K, committed 35920K, reserved 1081344K
  class space    used 3692K, capacity 4351K, committed 4352K, reserved 1048576K
Event: 14.336 GC heap after
Heap after GC invocations=10 (full 0):
 garbage-first heap   total 98304K, used 36351K [0x00000000c0000000, 0x00000000c0100300, 0x0000000100000000)
  region size 1024K, 3 young (3072K), 3 survivors (3072K)
 Metaspace       used 33706K, capacity 35810K, committed 35920K, reserved 1081344K
  class space    used 3692K, capacity 4351K, committed 4352K, reserved 1048576K
}
Event: 16.600 GC heap before
{Heap before GC invocations=11 (full 0):
 garbage-first heap   total 98304K, used 68095K [0x00000000c0000000, 0x00000000c0100300, 0x0000000100000000)
  region size 1024K, 49 young (50176K), 3 survivors (3072K)
 Metaspace       used 41110K, capacity 43436K, committed 43852K, reserved 1087488K
  class space    used 4351K, capacity 5111K, committed 5196K, reserved 1048576K
Event: 16.609 GC heap after
Heap after GC invocations=12 (full 0):
 garbage-first heap   total 98304K, used 28287K [0x00000000c0000000, 0x00000000c0100300, 0x0000000100000000)
  region size 1024K, 7 young (7168K), 7 survivors (7168K)
 Metaspace       used 41110K, capacity 43436K, committed 43852K, reserved 1087488K
  class space    used 4351K, capacity 5111K, committed 5196K, reserved 1048576K
}
Event: 16.706 GC heap before
{Heap before GC invocations=12 (full 0):
 garbage-first heap   total 98304K, used 29823K [0x00000000c0000000, 0x00000000c0100300, 0x0000000100000000)
  region size 1024K, 8 young (8192K), 7 survivors (7168K)
 Metaspace       used 41429K, capacity 43756K, committed 44108K, reserved 1087488K
  class space    used 4417K, capacity 5175K, committed 5196K, reserved 1048576K
Event: 16.712 GC heap after
Heap after GC invocations=13 (full 0):
 garbage-first heap   total 98304K, used 27046K [0x00000000c0000000, 0x00000000c0100300, 0x0000000100000000)
  region size 1024K, 1 young (1024K), 1 survivors (1024K)
 Metaspace       used 41429K, capacity 43756K, committed 44108K, reserved 1087488K
  class space    used 4417K, capacity 5175K, committed 5196K, reserved 1048576K
}
Event: 52.442 GC heap before
{Heap before GC invocations=13 (full 0):
 garbage-first heap   total 98304K, used 83366K [0x00000000c0000000, 0x00000000c0100300, 0x0000000100000000)
  region size 1024K, 56 young (57344K), 1 survivors (1024K)
 Metaspace       used 43182K, capacity 45554K, committed 45772K, reserved 1089536K
  class space    used 4551K, capacity 5304K, committed 5324K, reserved 1048576K
Event: 52.452 GC heap after
Heap after GC invocations=14 (full 0):
 garbage-first heap   total 98304K, used 32097K [0x00000000c0000000, 0x00000000c0100300, 0x0000000100000000)
  region size 1024K, 6 young (6144K), 6 survivors (6144K)
 Metaspace       used 43182K, capacity 45554K, committed 45772K, reserved 1089536K
  class space    used 4551K, capacity 5304K, committed 5324K, reserved 1048576K
}

