# JRE version: Java(TM) SE Runtime Environment (8.0_73-b02) (build 1.8.0_73-b02)
# Java VM: Java HotSpot(TM) 64-Bit Server VM (25.73-b02 mixed mode windows-amd64 compressed oops)
Heap:
 garbage-first heap   total 98304K, used 46592K [0x00000000c0000000, 0x00000000c0100300, 0x0000000100000000)
  region size 1024K, 25 young (25600K), 8 survivors (8192K)
 Metaspace       used 32511K, capacity 34716K, committed 34816K, reserved 1079296K
  class space    used 3593K, capacity 4282K, committed 4352K, reserved 1048576K
GC Heap History (10 events):
Event: 34.628 GC heap before
{Heap before GC invocations=1 (full 0):
 garbage-first heap   total 98304K, used 11929K [0x00000000c0000000, 0x00000000c0100300, 0x0000000100000000)
  region size 1024K, 11 young (11264K), 1 survivors (1024K)
 Metaspace       used 6450K, capacity 6628K, committed 6912K, reserved 1056768K
  class space    used 671K, capacity 727K, committed 768K, reserved 1048576K
Event: 34.635 GC heap after
Heap after GC invocations=2 (full 0):
 garbage-first heap   total 98304K, used 4934K [0x00000000c0000000, 0x00000000c0100300, 0x0000000100000000)
  region size 1024K, 2 young (2048K), 2 survivors (2048K)
 Metaspace       used 6450K, capacity 6628K, committed 6912K, reserved 1056768K
  class space    used 671K, capacity 727K, committed 768K, reserved 1048576K
}
Event: 42.990 GC heap before
{Heap before GC invocations=2 (full 0):
 garbage-first heap   total 98304K, used 23366K [0x00000000c0000000, 0x00000000c0100300, 0x0000000100000000)
  region size 1024K, 20 young (20480K), 2 survivors (2048K)
 Metaspace       used 12050K, capacity 12854K, committed 13056K, reserved 1060864K
  class space    used 1250K, capacity 1458K, committed 1536K, reserved 1048576K
Event: 43.003 GC heap after
Heap after GC invocations=3 (full 0):
 garbage-first heap   total 98304K, used 11205K [0x00000000c0000000, 0x00000000c0100300, 0x0000000100000000)
  region size 1024K, 3 young (3072K), 3 survivors (3072K)
 Metaspace       used 12050K, capacity 12854K, committed 13056K, reserved 1060864K
  class space    used 1250K, capacity 1458K, committed 1536K, reserved 1048576K
}
Event: 60.681 GC heap before
{Heap before GC invocations=3 (full 0):
 garbage-first heap   total 98304K, used 37829K [0x00000000c0000000, 0x00000000c0100300, 0x0000000100000000)
  region size 1024K, 30 young (30720K), 3 survivors (3072K)
 Metaspace       used 20042K, capacity 21198K, committed 21296K, reserved 1069056K
  class space    used 2054K, capacity 2369K, committed 2432K, reserved 1048576K
Event: 60.695 GC heap after
Heap after GC invocations=4 (full 0):
 garbage-first heap   total 98304K, used 18432K [0x00000000c0000000, 0x00000000c0100300, 0x0000000100000000)
  region size 1024K, 8 young (8192K), 8 survivors (8192K)
 Metaspace       used 20042K, capacity 21198K, committed 21296K, reserved 1069056K
  class space    used 2054K, capacity 2369K, committed 2432K, reserved 1048576K
}
Event: 65.916 GC heap before
{Heap before GC invocations=5 (full 0):
 garbage-first heap   total 98304K, used 65536K [0x00000000c0000000, 0x00000000c0100300, 0x0000000100000000)
  region size 1024K, 57 young (58368K), 8 survivors (8192K)
 Metaspace       used 26373K, capacity 27660K, committed 27904K, reserved 1073152K
  class space    used 2907K, capacity 3266K, committed 3328K, reserved 1048576K
Event: 65.944 GC heap after
Heap after GC invocations=6 (full 0):
 garbage-first heap   total 98304K, used 22528K [0x00000000c0000000, 0x00000000c0100300, 0x0000000100000000)
  region size 1024K, 8 young (8192K), 8 survivors (8192K)
 Metaspace       used 26373K, capacity 27660K, committed 27904K, reserved 1073152K
  class space    used 2907K, capacity 3266K, committed 3328K, reserved 1048576K
}
Event: 68.909 GC heap before
{Heap before GC invocations=6 (full 0):
 garbage-first heap   total 98304K, used 72704K [0x00000000c0000000, 0x00000000c0100300, 0x0000000100000000)
  region size 1024K, 57 young (58368K), 8 survivors (8192K)
 Metaspace       used 29733K, capacity 31656K, committed 31744K, reserved 1077248K
  class space    used 3281K, capacity 3771K, committed 3840K, reserved 1048576K
Event: 68.931 GC heap after
Heap after GC invocations=7 (full 0):
 garbage-first heap   total 98304K, used 30208K [0x00000000c0000000, 0x00000000c0100300, 0x0000000100000000)
  region size 1024K, 8 young (8192K), 8 survivors (8192K)
 Metaspace       used 29733K, capacity 31656K, committed 31744K, reserved 1077248K
  class space    used 3281K, capacity 3771K, committed 3840K, reserved 1048576K
}

